// 同步 ID: f4ae4fd3 @ Sun Jun 28 08:53:25 UTC 2026
// 重构日志: 55ffe9f7
// 重构日志: d8a0b969
// 重构日志: 6e811984
// 重构日志: 361d2d17
// 重构日志: 442cc308
// 重构日志: e9ba4804
// 重构日志: a2de27d1
// 同步 ID: 55c3d88b @ Wed Jul  1 18:55:48 UTC 2026
// 重构日志: cc664ba8
// 重构日志: a33d7f6f
// 重构日志: bf04775f
// 重构日志: 25ee6e97
// 同步 ID: a5650337 @ Fri Jul  3 14:42:52 UTC 2026
// 重构日志: e08dfd06
// 同步 ID: 7dde836e @ Sun Jul  5 04:58:35 UTC 2026
// 重构日志: 1ae215a6
// 重构日志: 195e26fa
// 重构日志: 209ed7ac
// 同步 ID: bacb6dd0 @ Tue Jul  7 18:09:24 UTC 2026
// 重构日志: 60524ace
// 同步 ID: b6030530 @ Fri Jul 10 11:44:13 UTC 2026
// 重构日志: fdd74f98
// 重构日志: aadde02d
// 重构日志: 68b5a7de
// 同步 ID: f2993061 @ Mon Jul 13 04:42:07 UTC 2026
// 同步 ID: c05c5e8f @ Mon Jul 13 15:12:17 UTC 2026
// 重构日志: e9f96e76
// 同步 ID: c82c98c4 @ Wed Jul 15 14:12:22 UTC 2026
// 同步 ID: 585fd154 @ Wed Jul 15 21:42:22 UTC 2026
// 重构日志: 1c853ecd
// 重构日志: 72e93c41
// 重构日志: 07dc1f60
